<?xml version="1.0" encoding="UTF-8"?>
<!-- Generated by org.testng.reporters.JUnitXMLReporter -->
<testsuite ignored="1" hostname="GopalMadhu" failures="0" tests="2" name="Default test" time="33.938" errors="0" timestamp="2026-04-15T14:20:36 IST">
  <testcase classname="madhuri.StandaloneTestcase" name="test" time="12.639"/>
  <testcase classname="madhuri.StandaloneTestcase" name="test" time="12.826"/>
  <testcase classname="madhuri.StandaloneTestcase" name="VerifyorderPage" time="0.0">
    <ignored/>
  </testcase> <!-- VerifyorderPage -->
</testsuite> <!-- Default test -->
