<?xml version="1.0" encoding="UTF-8"?>
<testng-results ignored="0" total="1" passed="1" failed="0" skipped="0">
  <reporter-output>
  </reporter-output>
  <suite started-at="2026-05-30T11:42:32 IST" name="Suite" finished-at="2026-05-30T11:42:43 IST" duration-ms="10975">
    <groups>
      <group name="Purchase">
        <method signature="StandaloneTestcase.test(java.util.HashMap)[pri:0, instance:madhuri.StandaloneTestcase@7ba8c737]" name="test" class="madhuri.StandaloneTestcase"/>
      </group> <!-- Purchase -->
      <group name="ErrorValidation">
        <method signature="LoginpageTest.loginitoapp()[pri:0, instance:madhuri.LoginpageTest@4f49f6af]" name="loginitoapp" class="madhuri.LoginpageTest"/>
      </group> <!-- ErrorValidation -->
    </groups>
    <test started-at="2026-05-30T11:42:32 IST" name="LoginpageTest" finished-at="2026-05-30T11:42:43 IST" duration-ms="10975">
      <class name="madhuri.LoginpageTest">
        <test-method is-config="true" signature="launchapp()[pri:0, instance:madhuri.LoginpageTest@4f49f6af]" started-at="2026-05-30T11:42:32 IST" name="launchapp" finished-at="2026-05-30T11:42:37 IST" duration-ms="5699" status="PASS">
          <reporter-output>
          </reporter-output>
        </test-method> <!-- launchapp -->
        <test-method signature="loginitoapp()[pri:0, instance:madhuri.LoginpageTest@4f49f6af]" started-at="2026-05-30T11:42:38 IST" name="loginitoapp" finished-at="2026-05-30T11:42:42 IST" duration-ms="4705" status="PASS">
          <reporter-output>
          </reporter-output>
        </test-method> <!-- loginitoapp -->
        <test-method is-config="true" signature="closewindow()[pri:0, instance:madhuri.LoginpageTest@4f49f6af]" started-at="2026-05-30T11:42:42 IST" name="closewindow" finished-at="2026-05-30T11:42:43 IST" duration-ms="408" status="PASS">
          <reporter-output>
          </reporter-output>
        </test-method> <!-- closewindow -->
      </class> <!-- madhuri.LoginpageTest -->
    </test> <!-- LoginpageTest -->
  </suite> <!-- Suite -->
</testng-results>
