<?xml version="1.0" encoding="UTF-8"?>
<!-- Generated by org.testng.reporters.JUnitXMLReporter -->
<testsuite ignored="0" hostname="GopalMadhu" failures="0" tests="3" name="Test" time="23.416" errors="0" timestamp="2026-04-09T16:07:38 IST">
  <testcase classname="madhuri.LoginpageTest" name="loginitoapp" time="1.337"/>
  <testcase classname="madhuri.StandaloneTestcase" name="test" time="11.449"/>
  <testcase classname="madhuri.StandaloneTestcase" name="VerifyorderPage" time="0.708"/>
</testsuite> <!-- Test -->
